2022-10-23 11:37:33.369  INFO 11168 --- [restartedMain] c.justimagine.SpringRestApiApplication   : Starting SpringRestApiApplication using Java 17 on DESKTOP-P659B96 with PID 11168 (D:\Velocity java\Spring\Spring Boot Project\BooksManagement\target\classes started by Rohit in D:\Velocity java\Spring\Spring Boot Project\BooksManagement)
2022-10-23 11:37:33.373  INFO 11168 --- [restartedMain] c.justimagine.SpringRestApiApplication   : No active profile set, falling back to 1 default profile: "default"
2022-10-23 11:37:33.856  INFO 11168 --- [restartedMain] .e.DevToolsPropertyDefaultsPostProcessor : Devtools property defaults active! Set 'spring.devtools.add-properties' to 'false' to disable
2022-10-23 11:37:33.857  INFO 11168 --- [restartedMain] .e.DevToolsPropertyDefaultsPostProcessor : For additional web related logging consider setting the 'logging.level.web' property to 'DEBUG'
2022-10-23 11:37:39.232  INFO 11168 --- [restartedMain] .s.d.r.c.RepositoryConfigurationDelegate : Bootstrapping Spring Data JPA repositories in DEFAULT mode.
2022-10-23 11:37:40.437  INFO 11168 --- [restartedMain] .s.d.r.c.RepositoryConfigurationDelegate : Finished Spring Data repository scanning in 1096 ms. Found 1 JPA repository interfaces.
2022-10-23 11:37:48.289  INFO 11168 --- [restartedMain] o.s.b.w.embedded.tomcat.TomcatWebServer  : Tomcat initialized with port(s): 8080 (http)
2022-10-23 11:37:48.483  INFO 11168 --- [restartedMain] o.apache.catalina.core.StandardService   : Starting service [Tomcat]
2022-10-23 11:37:48.484  INFO 11168 --- [restartedMain] org.apache.catalina.core.StandardEngine  : Starting Servlet engine: [Apache Tomcat/9.0.65]
2022-10-23 11:37:49.053  INFO 11168 --- [restartedMain] o.a.c.c.C.[Tomcat].[localhost].[/]       : Initializing Spring embedded WebApplicationContext
2022-10-23 11:37:49.055  INFO 11168 --- [restartedMain] w.s.c.ServletWebServerApplicationContext : Root WebApplicationContext: initialization completed in 15194 ms
2022-10-23 11:37:49.397  INFO 11168 --- [restartedMain] com.zaxxer.hikari.HikariDataSource       : HikariPool-1 - Starting...
2022-10-23 11:37:50.078  INFO 11168 --- [restartedMain] com.zaxxer.hikari.HikariDataSource       : HikariPool-1 - Start completed.
2022-10-23 11:37:50.108  INFO 11168 --- [restartedMain] o.s.b.a.h2.H2ConsoleAutoConfiguration    : H2 console available at '/h2-console'. Database available at 'jdbc:h2:mem:Book_Management_DB'
2022-10-23 11:37:50.688  INFO 11168 --- [restartedMain] o.f.c.internal.license.VersionPrinter    : Flyway Community Edition 8.0.5 by Redgate
2022-10-23 11:37:50.690  INFO 11168 --- [restartedMain] o.f.c.i.database.base.BaseDatabaseType   : Database: jdbc:h2:mem:Book_Management_DB (H2 1.4)
2022-10-23 11:37:50.901  INFO 11168 --- [restartedMain] o.f.core.internal.command.DbValidate     : Successfully validated 2 migrations (execution time 00:00.103s)
2022-10-23 11:37:50.934  INFO 11168 --- [restartedMain] o.f.c.i.s.JdbcTableSchemaHistory         : Creating Schema History table "PUBLIC"."flyway_schema_history" ...
2022-10-23 11:37:51.088  INFO 11168 --- [restartedMain] o.f.core.internal.command.DbMigrate      : Current version of schema "PUBLIC": << Empty Schema >>
2022-10-23 11:37:51.101  INFO 11168 --- [restartedMain] o.f.core.internal.command.DbMigrate      : Migrating schema "PUBLIC" to version "1 - TABLE CREATION"
2022-10-23 11:37:51.179  INFO 11168 --- [restartedMain] o.f.core.internal.command.DbMigrate      : Migrating schema "PUBLIC" to version "2 - INSERT DATA"
2022-10-23 11:37:51.232  INFO 11168 --- [restartedMain] o.f.core.internal.command.DbMigrate      : Successfully applied 2 migrations to schema "PUBLIC", now at version v2 (execution time 00:00.162s)
2022-10-23 11:37:51.772  INFO 11168 --- [restartedMain] o.hibernate.jpa.internal.util.LogHelper  : HHH000204: Processing PersistenceUnitInfo [name: default]
2022-10-23 11:37:51.957  INFO 11168 --- [restartedMain] org.hibernate.Version                    : HHH000412: Hibernate ORM core version 5.6.11.Final
2022-10-23 11:37:52.541  INFO 11168 --- [restartedMain] o.hibernate.annotations.common.Version   : HCANN000001: Hibernate Commons Annotations {5.1.2.Final}
2022-10-23 11:37:53.062  INFO 11168 --- [restartedMain] org.hibernate.dialect.Dialect            : HHH000400: Using dialect: org.hibernate.dialect.H2Dialect
2022-10-23 11:37:55.090  INFO 11168 --- [restartedMain] o.h.e.t.j.p.i.JtaPlatformInitiator       : HHH000490: Using JtaPlatform implementation: [org.hibernate.engine.transaction.jta.platform.internal.NoJtaPlatform]
2022-10-23 11:37:55.114  INFO 11168 --- [restartedMain] j.LocalContainerEntityManagerFactoryBean : Initialized JPA EntityManagerFactory for persistence unit 'default'
2022-10-23 11:37:55.963  WARN 11168 --- [restartedMain] JpaBaseConfiguration$JpaWebConfiguration : spring.jpa.open-in-view is enabled by default. Therefore, database queries may be performed during view rendering. Explicitly configure spring.jpa.open-in-view to disable this warning
2022-10-23 11:37:57.042  INFO 11168 --- [restartedMain] o.s.b.d.a.OptionalLiveReloadServer       : LiveReload server is running on port 35729
2022-10-23 11:37:57.330  INFO 11168 --- [restartedMain] o.s.b.w.embedded.tomcat.TomcatWebServer  : Tomcat started on port(s): 8080 (http) with context path ''
2022-10-23 11:37:57.366  INFO 11168 --- [restartedMain] c.justimagine.SpringRestApiApplication   : Started SpringRestApiApplication in 28.023 seconds (JVM running for 34.692)
2022-10-23 11:43:32.640  INFO 11168 --- [http-nio-8080-exec-4] o.a.c.c.C.[Tomcat].[localhost].[/]       : Initializing Spring DispatcherServlet 'dispatcherServlet'
2022-10-23 11:43:32.641  INFO 11168 --- [http-nio-8080-exec-4] o.s.web.servlet.DispatcherServlet        : Initializing Servlet 'dispatcherServlet'
2022-10-23 11:43:32.644  INFO 11168 --- [http-nio-8080-exec-4] o.s.web.servlet.DispatcherServlet        : Completed initialization in 2 ms
2022-10-23 11:43:33.008  INFO 11168 --- [http-nio-8080-exec-4] c.j.RestController.BookController        : saveBook Method is called
2022-10-23 11:43:33.197  INFO 11168 --- [http-nio-8080-exec-4] c.j.RestController.BookController        : saveBook method is executed
2022-10-23 11:44:03.046  INFO 11168 --- [http-nio-8080-exec-8] c.j.RestController.BookController        : saveBook Method is called
2022-10-23 11:44:03.047  INFO 11168 --- [http-nio-8080-exec-8] c.j.RestController.BookController        : Book are Not saved
2022-10-23 15:03:57.628  INFO 14644 --- [restartedMain] c.justimagine.SpringRestApiApplication   : Starting SpringRestApiApplication using Java 17 on DESKTOP-P659B96 with PID 14644 (D:\Velocity java\Spring\Spring Boot Project\BooksManagement\target\classes started by Rohit in D:\Velocity java\Spring\Spring Boot Project\BooksManagement)
2022-10-23 15:03:57.653  INFO 14644 --- [restartedMain] c.justimagine.SpringRestApiApplication   : No active profile set, falling back to 1 default profile: "default"
2022-10-23 15:03:57.807  INFO 14644 --- [restartedMain] .e.DevToolsPropertyDefaultsPostProcessor : Devtools property defaults active! Set 'spring.devtools.add-properties' to 'false' to disable
2022-10-23 15:03:57.807  INFO 14644 --- [restartedMain] .e.DevToolsPropertyDefaultsPostProcessor : For additional web related logging consider setting the 'logging.level.web' property to 'DEBUG'
2022-10-23 15:04:00.300  INFO 14644 --- [restartedMain] .s.d.r.c.RepositoryConfigurationDelegate : Bootstrapping Spring Data JPA repositories in DEFAULT mode.
2022-10-23 15:04:00.494  INFO 14644 --- [restartedMain] .s.d.r.c.RepositoryConfigurationDelegate : Finished Spring Data repository scanning in 164 ms. Found 1 JPA repository interfaces.
2022-10-23 15:04:03.676  INFO 14644 --- [restartedMain] o.s.b.w.embedded.tomcat.TomcatWebServer  : Tomcat initialized with port(s): 8080 (http)
2022-10-23 15:04:03.801  INFO 14644 --- [restartedMain] o.apache.catalina.core.StandardService   : Starting service [Tomcat]
2022-10-23 15:04:03.804  INFO 14644 --- [restartedMain] org.apache.catalina.core.StandardEngine  : Starting Servlet engine: [Apache Tomcat/9.0.65]
2022-10-23 15:04:04.316  INFO 14644 --- [restartedMain] o.a.c.c.C.[Tomcat].[localhost].[/]       : Initializing Spring embedded WebApplicationContext
2022-10-23 15:04:04.318  INFO 14644 --- [restartedMain] w.s.c.ServletWebServerApplicationContext : Root WebApplicationContext: initialization completed in 6510 ms
2022-10-23 15:04:04.478  INFO 14644 --- [restartedMain] com.zaxxer.hikari.HikariDataSource       : HikariPool-1 - Starting...
2022-10-23 15:04:05.630  INFO 14644 --- [restartedMain] com.zaxxer.hikari.HikariDataSource       : HikariPool-1 - Start completed.
2022-10-23 15:04:05.676  INFO 14644 --- [restartedMain] o.s.b.a.h2.H2ConsoleAutoConfiguration    : H2 console available at '/h2-console'. Database available at 'jdbc:h2:mem:Book_Management_DB'
2022-10-23 15:04:06.089  INFO 14644 --- [restartedMain] o.f.c.internal.license.VersionPrinter    : Flyway Community Edition 8.0.5 by Redgate
2022-10-23 15:04:06.091  INFO 14644 --- [restartedMain] o.f.c.i.database.base.BaseDatabaseType   : Database: jdbc:h2:mem:Book_Management_DB (H2 1.4)
2022-10-23 15:04:06.316  INFO 14644 --- [restartedMain] o.f.core.internal.command.DbValidate     : Successfully validated 2 migrations (execution time 00:00.101s)
2022-10-23 15:04:06.360  INFO 14644 --- [restartedMain] o.f.c.i.s.JdbcTableSchemaHistory         : Creating Schema History table "PUBLIC"."flyway_schema_history" ...
2022-10-23 15:04:06.525  INFO 14644 --- [restartedMain] o.f.core.internal.command.DbMigrate      : Current version of schema "PUBLIC": << Empty Schema >>
2022-10-23 15:04:06.539  INFO 14644 --- [restartedMain] o.f.core.internal.command.DbMigrate      : Migrating schema "PUBLIC" to version "1 - TABLE CREATION"
2022-10-23 15:04:06.670  INFO 14644 --- [restartedMain] o.f.core.internal.command.DbMigrate      : Migrating schema "PUBLIC" to version "2 - INSERT DATA"
2022-10-23 15:04:06.754  INFO 14644 --- [restartedMain] o.f.core.internal.command.DbMigrate      : Successfully applied 2 migrations to schema "PUBLIC", now at version v2 (execution time 00:00.251s)
2022-10-23 15:04:07.180  INFO 14644 --- [restartedMain] o.hibernate.jpa.internal.util.LogHelper  : HHH000204: Processing PersistenceUnitInfo [name: default]
2022-10-23 15:04:07.366  INFO 14644 --- [restartedMain] org.hibernate.Version                    : HHH000412: Hibernate ORM core version 5.6.11.Final
2022-10-23 15:04:08.312  INFO 14644 --- [restartedMain] o.hibernate.annotations.common.Version   : HCANN000001: Hibernate Commons Annotations {5.1.2.Final}
2022-10-23 15:04:08.793  INFO 14644 --- [restartedMain] org.hibernate.dialect.Dialect            : HHH000400: Using dialect: org.hibernate.dialect.H2Dialect
2022-10-23 15:04:10.432  INFO 14644 --- [restartedMain] o.h.e.t.j.p.i.JtaPlatformInitiator       : HHH000490: Using JtaPlatform implementation: [org.hibernate.engine.transaction.jta.platform.internal.NoJtaPlatform]
2022-10-23 15:04:10.459  INFO 14644 --- [restartedMain] j.LocalContainerEntityManagerFactoryBean : Initialized JPA EntityManagerFactory for persistence unit 'default'
2022-10-23 15:04:11.237  WARN 14644 --- [restartedMain] JpaBaseConfiguration$JpaWebConfiguration : spring.jpa.open-in-view is enabled by default. Therefore, database queries may be performed during view rendering. Explicitly configure spring.jpa.open-in-view to disable this warning
2022-10-23 15:04:12.286  INFO 14644 --- [restartedMain] o.s.b.d.a.OptionalLiveReloadServer       : LiveReload server is running on port 35729
2022-10-23 15:04:12.496  INFO 14644 --- [restartedMain] o.s.b.w.embedded.tomcat.TomcatWebServer  : Tomcat started on port(s): 8080 (http) with context path ''
2022-10-23 15:04:12.565  INFO 14644 --- [restartedMain] c.justimagine.SpringRestApiApplication   : Started SpringRestApiApplication in 17.174 seconds (JVM running for 20.114)
2022-10-23 15:04:33.714  INFO 14644 --- [http-nio-8080-exec-1] o.a.c.c.C.[Tomcat].[localhost].[/]       : Initializing Spring DispatcherServlet 'dispatcherServlet'
2022-10-23 15:04:33.715  INFO 14644 --- [http-nio-8080-exec-1] o.s.web.servlet.DispatcherServlet        : Initializing Servlet 'dispatcherServlet'
2022-10-23 15:04:33.733  INFO 14644 --- [http-nio-8080-exec-1] o.s.web.servlet.DispatcherServlet        : Completed initialization in 17 ms
2022-10-23 15:04:34.003  INFO 14644 --- [http-nio-8080-exec-1] c.j.RestController.BookController        : saveBook Method is called
2022-10-23 15:04:34.003  INFO 14644 --- [http-nio-8080-exec-1] c.j.RestController.BookController        : Book are Not saved
2022-10-23 15:05:07.295  WARN 14644 --- [http-nio-8080-exec-3] .w.s.m.s.DefaultHandlerExceptionResolver : Resolved [org.springframework.http.converter.HttpMessageNotReadableException: JSON parse error: Unrecognized token 'ga': was expecting (JSON String, Number, Array, Object or token 'null', 'true' or 'false'); nested exception is com.fasterxml.jackson.core.JsonParseException: Unrecognized token 'ga': was expecting (JSON String, Number, Array, Object or token 'null', 'true' or 'false')<EOL> at [Source: (org.springframework.util.StreamUtils$NonClosingInputStream); line: 3, column: 21]]
2022-10-23 15:05:25.485  INFO 14644 --- [http-nio-8080-exec-5] c.j.RestController.BookController        : saveBook Method is called
2022-10-23 15:05:25.713  INFO 14644 --- [http-nio-8080-exec-5] c.j.RestController.BookController        : saveBook method is executed
2022-10-23 15:07:05.726  INFO 14644 --- [http-nio-8080-exec-4] c.j.RestController.BookController        : saveAllBook method is Called
2022-10-23 15:07:05.736  INFO 14644 --- [http-nio-8080-exec-4] c.j.RestController.BookController        : saveAllBook method is executed
2022-10-23 15:07:19.868  INFO 14644 --- [http-nio-8080-exec-2] c.j.RestController.BookController        : deleteAll method is calld
2022-10-23 15:07:20.608  INFO 14644 --- [http-nio-8080-exec-2] c.j.RestController.BookController        : deleteAll method is executed
2022-10-23 15:07:23.514  INFO 14644 --- [http-nio-8080-exec-10] c.j.RestController.BookController        : deleteAll method is calld
2022-10-23 15:07:23.517  INFO 14644 --- [http-nio-8080-exec-10] c.j.RestController.BookController        : Books are not present to delete
2022-10-23 15:07:26.900  INFO 14644 --- [http-nio-8080-exec-9] c.j.RestController.BookController        : deleteAll method is calld
2022-10-23 15:07:26.903  INFO 14644 --- [http-nio-8080-exec-9] c.j.RestController.BookController        : Books are not present to delete
2022-10-23 15:10:13.739  INFO 14644 --- [File Watcher] rtingClassPathChangeChangedEventListener : Restarting due to 1 class path change (0 additions, 0 deletions, 1 modification)
2022-10-23 15:10:13.862  INFO 14644 --- [Thread-6] o.apache.catalina.core.StandardService   : Stopping service [Tomcat]
2022-10-23 15:10:13.898  INFO 14644 --- [Thread-6] o.a.c.c.C.[Tomcat].[localhost].[/]       : Destroying Spring FrameworkServlet 'dispatcherServlet'
2022-10-23 15:10:13.914  INFO 14644 --- [Thread-6] j.LocalContainerEntityManagerFactoryBean : Closing JPA EntityManagerFactory for persistence unit 'default'
2022-10-23 15:10:14.125  WARN 14644 --- [Thread-6] o.s.b.f.support.DisposableBeanAdapter    : Invocation of destroy method failed on bean with name 'inMemoryDatabaseShutdownExecutor': org.h2.jdbc.JdbcSQLNonTransientConnectionException: Database is already closed (to disable automatic closing at VM shutdown, add ";DB_CLOSE_ON_EXIT=FALSE" to the db URL) [90121-200]
2022-10-23 15:10:14.128  INFO 14644 --- [Thread-6] com.zaxxer.hikari.HikariDataSource       : HikariPool-1 - Shutdown initiated...
2022-10-23 15:10:14.138  INFO 14644 --- [Thread-6] com.zaxxer.hikari.HikariDataSource       : HikariPool-1 - Shutdown completed.
2022-10-23 15:10:14.411  INFO 14644 --- [restartedMain] c.justimagine.SpringRestApiApplication   : Starting SpringRestApiApplication using Java 17 on DESKTOP-P659B96 with PID 14644 (D:\Velocity java\Spring\Spring Boot Project\BooksManagement\target\classes started by Rohit in D:\Velocity java\Spring\Spring Boot Project\BooksManagement)
2022-10-23 15:10:14.412  INFO 14644 --- [restartedMain] c.justimagine.SpringRestApiApplication   : No active profile set, falling back to 1 default profile: "default"
2022-10-23 15:10:14.873  INFO 14644 --- [restartedMain] .s.d.r.c.RepositoryConfigurationDelegate : Bootstrapping Spring Data JPA repositories in DEFAULT mode.
2022-10-23 15:10:14.892  INFO 14644 --- [restartedMain] .s.d.r.c.RepositoryConfigurationDelegate : Finished Spring Data repository scanning in 18 ms. Found 1 JPA repository interfaces.
2022-10-23 15:10:15.144  INFO 14644 --- [restartedMain] o.s.b.w.embedded.tomcat.TomcatWebServer  : Tomcat initialized with port(s): 9001 (http)
2022-10-23 15:10:15.146  INFO 14644 --- [restartedMain] o.apache.catalina.core.StandardService   : Starting service [Tomcat]
2022-10-23 15:10:15.146  INFO 14644 --- [restartedMain] org.apache.catalina.core.StandardEngine  : Starting Servlet engine: [Apache Tomcat/9.0.65]
2022-10-23 15:10:15.233  INFO 14644 --- [restartedMain] o.a.c.c.C.[Tomcat].[localhost].[/]       : Initializing Spring embedded WebApplicationContext
2022-10-23 15:10:15.234  INFO 14644 --- [restartedMain] w.s.c.ServletWebServerApplicationContext : Root WebApplicationContext: initialization completed in 816 ms
2022-10-23 15:10:15.260  INFO 14644 --- [restartedMain] com.zaxxer.hikari.HikariDataSource       : HikariPool-2 - Starting...
2022-10-23 15:10:15.265  INFO 14644 --- [restartedMain] com.zaxxer.hikari.HikariDataSource       : HikariPool-2 - Start completed.
2022-10-23 15:10:15.265  INFO 14644 --- [restartedMain] o.s.b.a.h2.H2ConsoleAutoConfiguration    : H2 console available at '/h2-console'. Database available at 'jdbc:h2:mem:Book_Management_DB'
2022-10-23 15:10:15.314  INFO 14644 --- [restartedMain] o.f.c.internal.license.VersionPrinter    : Flyway Community Edition 8.0.5 by Redgate
2022-10-23 15:10:15.315  INFO 14644 --- [restartedMain] o.f.c.i.database.base.BaseDatabaseType   : Database: jdbc:h2:mem:Book_Management_DB (H2 1.4)
2022-10-23 15:10:15.333  INFO 14644 --- [restartedMain] o.f.core.internal.command.DbValidate     : Successfully validated 2 migrations (execution time 00:00.011s)
2022-10-23 15:10:15.345  INFO 14644 --- [restartedMain] o.f.c.i.s.JdbcTableSchemaHistory         : Creating Schema History table "PUBLIC"."flyway_schema_history" ...
2022-10-23 15:10:15.373  INFO 14644 --- [restartedMain] o.f.core.internal.command.DbMigrate      : Current version of schema "PUBLIC": << Empty Schema >>
2022-10-23 15:10:15.380  INFO 14644 --- [restartedMain] o.f.core.internal.command.DbMigrate      : Migrating schema "PUBLIC" to version "1 - TABLE CREATION"
2022-10-23 15:10:15.425  INFO 14644 --- [restartedMain] o.f.core.internal.command.DbMigrate      : Migrating schema "PUBLIC" to version "2 - INSERT DATA"
2022-10-23 15:10:15.464  INFO 14644 --- [restartedMain] o.f.core.internal.command.DbMigrate      : Successfully applied 2 migrations to schema "PUBLIC", now at version v2 (execution time 00:00.100s)
2022-10-23 15:10:15.501  INFO 14644 --- [restartedMain] o.hibernate.jpa.internal.util.LogHelper  : HHH000204: Processing PersistenceUnitInfo [name: default]
2022-10-23 15:10:15.515  INFO 14644 --- [restartedMain] org.hibernate.dialect.Dialect            : HHH000400: Using dialect: org.hibernate.dialect.H2Dialect
2022-10-23 15:10:15.583  INFO 14644 --- [restartedMain] o.h.e.t.j.p.i.JtaPlatformInitiator       : HHH000490: Using JtaPlatform implementation: [org.hibernate.engine.transaction.jta.platform.internal.NoJtaPlatform]
2022-10-23 15:10:15.583  INFO 14644 --- [restartedMain] j.LocalContainerEntityManagerFactoryBean : Initialized JPA EntityManagerFactory for persistence unit 'default'
2022-10-23 15:10:15.731  WARN 14644 --- [restartedMain] JpaBaseConfiguration$JpaWebConfiguration : spring.jpa.open-in-view is enabled by default. Therefore, database queries may be performed during view rendering. Explicitly configure spring.jpa.open-in-view to disable this warning
2022-10-23 15:10:15.918  INFO 14644 --- [restartedMain] o.s.b.d.a.OptionalLiveReloadServer       : LiveReload server is running on port 35729
2022-10-23 15:10:15.951  INFO 14644 --- [restartedMain] o.s.b.w.embedded.tomcat.TomcatWebServer  : Tomcat started on port(s): 9001 (http) with context path ''
2022-10-23 15:10:15.958  INFO 14644 --- [restartedMain] c.justimagine.SpringRestApiApplication   : Started SpringRestApiApplication in 1.622 seconds (JVM running for 383.507)
2022-10-23 15:10:15.962  INFO 14644 --- [restartedMain] .ConditionEvaluationDeltaLoggingListener : Condition evaluation unchanged
2022-10-23 15:10:46.116  INFO 14644 --- [http-nio-9001-exec-2] o.a.c.c.C.[Tomcat].[localhost].[/]       : Initializing Spring DispatcherServlet 'dispatcherServlet'
2022-10-23 15:10:46.117  INFO 14644 --- [http-nio-9001-exec-2] o.s.web.servlet.DispatcherServlet        : Initializing Servlet 'dispatcherServlet'
2022-10-23 15:10:46.119  INFO 14644 --- [http-nio-9001-exec-2] o.s.web.servlet.DispatcherServlet        : Completed initialization in 2 ms
2022-10-23 15:10:46.126  INFO 14644 --- [http-nio-9001-exec-2] c.j.RestController.BookController        : getAllBook method is called
2022-10-23 15:10:46.143  INFO 14644 --- [http-nio-9001-exec-2] c.j.RestController.BookController        : getAllBook  method is executed
2022-10-23 15:11:22.440  INFO 14644 --- [File Watcher] rtingClassPathChangeChangedEventListener : Restarting due to 1 class path change (0 additions, 0 deletions, 1 modification)
2022-10-23 15:11:22.478  INFO 14644 --- [Thread-8] o.apache.catalina.core.StandardService   : Stopping service [Tomcat]
2022-10-23 15:11:22.480  INFO 14644 --- [Thread-8] o.a.c.c.C.[Tomcat].[localhost].[/]       : Destroying Spring FrameworkServlet 'dispatcherServlet'
2022-10-23 15:11:22.494  INFO 14644 --- [Thread-8] j.LocalContainerEntityManagerFactoryBean : Closing JPA EntityManagerFactory for persistence unit 'default'
2022-10-23 15:11:22.699  WARN 14644 --- [Thread-8] o.s.b.f.support.DisposableBeanAdapter    : Invocation of destroy method failed on bean with name 'inMemoryDatabaseShutdownExecutor': org.h2.jdbc.JdbcSQLNonTransientConnectionException: Database is already closed (to disable automatic closing at VM shutdown, add ";DB_CLOSE_ON_EXIT=FALSE" to the db URL) [90121-200]
2022-10-23 15:11:22.701  INFO 14644 --- [Thread-8] com.zaxxer.hikari.HikariDataSource       : HikariPool-2 - Shutdown initiated...
2022-10-23 15:11:22.704  INFO 14644 --- [Thread-8] com.zaxxer.hikari.HikariDataSource       : HikariPool-2 - Shutdown completed.
2022-10-23 15:11:22.905  INFO 14644 --- [restartedMain] c.justimagine.SpringRestApiApplication   : Starting SpringRestApiApplication using Java 17 on DESKTOP-P659B96 with PID 14644 (D:\Velocity java\Spring\Spring Boot Project\BooksManagement\target\classes started by Rohit in D:\Velocity java\Spring\Spring Boot Project\BooksManagement)
2022-10-23 15:11:22.906  INFO 14644 --- [restartedMain] c.justimagine.SpringRestApiApplication   : No active profile set, falling back to 1 default profile: "default"
2022-10-23 15:11:23.430  INFO 14644 --- [restartedMain] .s.d.r.c.RepositoryConfigurationDelegate : Bootstrapping Spring Data JPA repositories in DEFAULT mode.
2022-10-23 15:11:23.452  INFO 14644 --- [restartedMain] .s.d.r.c.RepositoryConfigurationDelegate : Finished Spring Data repository scanning in 21 ms. Found 1 JPA repository interfaces.
2022-10-23 15:11:23.737  INFO 14644 --- [restartedMain] o.s.b.w.embedded.tomcat.TomcatWebServer  : Tomcat initialized with port(s): 8080 (http)
2022-10-23 15:11:23.743  INFO 14644 --- [restartedMain] o.apache.catalina.core.StandardService   : Starting service [Tomcat]
2022-10-23 15:11:23.744  INFO 14644 --- [restartedMain] org.apache.catalina.core.StandardEngine  : Starting Servlet engine: [Apache Tomcat/9.0.65]
2022-10-23 15:11:23.811  INFO 14644 --- [restartedMain] o.a.c.c.C.[Tomcat].[localhost].[/]       : Initializing Spring embedded WebApplicationContext
2022-10-23 15:11:23.812  INFO 14644 --- [restartedMain] w.s.c.ServletWebServerApplicationContext : Root WebApplicationContext: initialization completed in 900 ms
2022-10-23 15:11:23.835  INFO 14644 --- [restartedMain] com.zaxxer.hikari.HikariDataSource       : HikariPool-3 - Starting...
2022-10-23 15:11:23.844  INFO 14644 --- [restartedMain] com.zaxxer.hikari.HikariDataSource       : HikariPool-3 - Start completed.
2022-10-23 15:11:23.846  INFO 14644 --- [restartedMain] o.s.b.a.h2.H2ConsoleAutoConfiguration    : H2 console available at '/h2-console'. Database available at 'jdbc:h2:mem:Book_Management_DB'
2022-10-23 15:11:23.899  INFO 14644 --- [restartedMain] o.f.c.internal.license.VersionPrinter    : Flyway Community Edition 8.0.5 by Redgate
2022-10-23 15:11:23.899  INFO 14644 --- [restartedMain] o.f.c.i.database.base.BaseDatabaseType   : Database: jdbc:h2:mem:Book_Management_DB (H2 1.4)
2022-10-23 15:11:23.913  INFO 14644 --- [restartedMain] o.f.core.internal.command.DbValidate     : Successfully validated 2 migrations (execution time 00:00.007s)
2022-10-23 15:11:23.934  INFO 14644 --- [restartedMain] o.f.c.i.s.JdbcTableSchemaHistory         : Creating Schema History table "PUBLIC"."flyway_schema_history" ...
2022-10-23 15:11:23.983  INFO 14644 --- [restartedMain] o.f.core.internal.command.DbMigrate      : Current version of schema "PUBLIC": << Empty Schema >>
2022-10-23 15:11:23.987  INFO 14644 --- [restartedMain] o.f.core.internal.command.DbMigrate      : Migrating schema "PUBLIC" to version "1 - TABLE CREATION"
2022-10-23 15:11:24.018  INFO 14644 --- [restartedMain] o.f.core.internal.command.DbMigrate      : Migrating schema "PUBLIC" to version "2 - INSERT DATA"
2022-10-23 15:11:24.043  INFO 14644 --- [restartedMain] o.f.core.internal.command.DbMigrate      : Successfully applied 2 migrations to schema "PUBLIC", now at version v2 (execution time 00:00.067s)
2022-10-23 15:11:24.087  INFO 14644 --- [restartedMain] o.hibernate.jpa.internal.util.LogHelper  : HHH000204: Processing PersistenceUnitInfo [name: default]
2022-10-23 15:11:24.100  INFO 14644 --- [restartedMain] org.hibernate.dialect.Dialect            : HHH000400: Using dialect: org.hibernate.dialect.H2Dialect
2022-10-23 15:11:24.186  INFO 14644 --- [restartedMain] o.h.e.t.j.p.i.JtaPlatformInitiator       : HHH000490: Using JtaPlatform implementation: [org.hibernate.engine.transaction.jta.platform.internal.NoJtaPlatform]
2022-10-23 15:11:24.187  INFO 14644 --- [restartedMain] j.LocalContainerEntityManagerFactoryBean : Initialized JPA EntityManagerFactory for persistence unit 'default'
2022-10-23 15:11:24.366  WARN 14644 --- [restartedMain] JpaBaseConfiguration$JpaWebConfiguration : spring.jpa.open-in-view is enabled by default. Therefore, database queries may be performed during view rendering. Explicitly configure spring.jpa.open-in-view to disable this warning
2022-10-23 15:11:24.591  INFO 14644 --- [restartedMain] o.s.b.d.a.OptionalLiveReloadServer       : LiveReload server is running on port 35729
2022-10-23 15:11:24.620  INFO 14644 --- [restartedMain] o.s.b.w.embedded.tomcat.TomcatWebServer  : Tomcat started on port(s): 8080 (http) with context path ''
2022-10-23 15:11:24.628  INFO 14644 --- [restartedMain] c.justimagine.SpringRestApiApplication   : Started SpringRestApiApplication in 1.798 seconds (JVM running for 452.177)
2022-10-23 15:11:24.631  INFO 14644 --- [restartedMain] .ConditionEvaluationDeltaLoggingListener : Condition evaluation unchanged
2022-10-23 20:59:04.461  INFO 4456 --- [restartedMain] c.justimagine.SpringRestApiApplication   : Starting SpringRestApiApplication using Java 17 on DESKTOP-P659B96 with PID 4456 (D:\Velocity java\Spring\Spring Boot Project\BooksManagement\target\classes started by Rohit in D:\Velocity java\Spring\Spring Boot Project\BooksManagement)
2022-10-23 20:59:04.503  INFO 4456 --- [restartedMain] c.justimagine.SpringRestApiApplication   : No active profile set, falling back to 1 default profile: "default"
2022-10-23 20:59:04.991  INFO 4456 --- [restartedMain] .e.DevToolsPropertyDefaultsPostProcessor : Devtools property defaults active! Set 'spring.devtools.add-properties' to 'false' to disable
2022-10-23 20:59:04.992  INFO 4456 --- [restartedMain] .e.DevToolsPropertyDefaultsPostProcessor : For additional web related logging consider setting the 'logging.level.web' property to 'DEBUG'
2022-10-23 20:59:15.184  INFO 4456 --- [restartedMain] .s.d.r.c.RepositoryConfigurationDelegate : Bootstrapping Spring Data JPA repositories in DEFAULT mode.
2022-10-23 20:59:17.249  INFO 4456 --- [restartedMain] .s.d.r.c.RepositoryConfigurationDelegate : Finished Spring Data repository scanning in 1864 ms. Found 1 JPA repository interfaces.
2022-10-23 20:59:31.527  INFO 4456 --- [restartedMain] o.s.b.w.embedded.tomcat.TomcatWebServer  : Tomcat initialized with port(s): 8080 (http)
2022-10-23 20:59:31.765  INFO 4456 --- [restartedMain] o.apache.catalina.core.StandardService   : Starting service [Tomcat]
2022-10-23 20:59:31.767  INFO 4456 --- [restartedMain] org.apache.catalina.core.StandardEngine  : Starting Servlet engine: [Apache Tomcat/9.0.65]
2022-10-23 20:59:32.815  INFO 4456 --- [restartedMain] o.a.c.c.C.[Tomcat].[localhost].[/]       : Initializing Spring embedded WebApplicationContext
2022-10-23 20:59:32.817  INFO 4456 --- [restartedMain] w.s.c.ServletWebServerApplicationContext : Root WebApplicationContext: initialization completed in 27821 ms
2022-10-23 20:59:33.261  INFO 4456 --- [restartedMain] com.zaxxer.hikari.HikariDataSource       : HikariPool-1 - Starting...
2022-10-23 20:59:34.135  INFO 4456 --- [restartedMain] com.zaxxer.hikari.HikariDataSource       : HikariPool-1 - Start completed.
2022-10-23 20:59:34.159  INFO 4456 --- [restartedMain] o.s.b.a.h2.H2ConsoleAutoConfiguration    : H2 console available at '/h2-console'. Database available at 'jdbc:h2:mem:Book_Management_DB'
2022-10-23 20:59:35.412  INFO 4456 --- [restartedMain] o.f.c.internal.license.VersionPrinter    : Flyway Community Edition 8.0.5 by Redgate
2022-10-23 20:59:35.413  INFO 4456 --- [restartedMain] o.f.c.i.database.base.BaseDatabaseType   : Database: jdbc:h2:mem:Book_Management_DB (H2 1.4)
2022-10-23 20:59:35.618  INFO 4456 --- [restartedMain] o.f.core.internal.command.DbValidate     : Successfully validated 2 migrations (execution time 00:00.129s)
2022-10-23 20:59:35.656  INFO 4456 --- [restartedMain] o.f.c.i.s.JdbcTableSchemaHistory         : Creating Schema History table "PUBLIC"."flyway_schema_history" ...
2022-10-23 20:59:35.862  INFO 4456 --- [restartedMain] o.f.core.internal.command.DbMigrate      : Current version of schema "PUBLIC": << Empty Schema >>
2022-10-23 20:59:35.875  INFO 4456 --- [restartedMain] o.f.core.internal.command.DbMigrate      : Migrating schema "PUBLIC" to version "1 - TABLE CREATION"
2022-10-23 20:59:35.986  INFO 4456 --- [restartedMain] o.f.core.internal.command.DbMigrate      : Migrating schema "PUBLIC" to version "2 - INSERT DATA"
2022-10-23 20:59:36.032  INFO 4456 --- [restartedMain] o.f.core.internal.command.DbMigrate      : Successfully applied 2 migrations to schema "PUBLIC", now at version v2 (execution time 00:00.191s)
2022-10-23 20:59:37.244  INFO 4456 --- [restartedMain] o.hibernate.jpa.internal.util.LogHelper  : HHH000204: Processing PersistenceUnitInfo [name: default]
2022-10-23 20:59:38.906  INFO 4456 --- [restartedMain] org.hibernate.Version                    : HHH000412: Hibernate ORM core version 5.6.11.Final
2022-10-23 20:59:40.666  INFO 4456 --- [restartedMain] o.hibernate.annotations.common.Version   : HCANN000001: Hibernate Commons Annotations {5.1.2.Final}
2022-10-23 20:59:41.300  INFO 4456 --- [restartedMain] org.hibernate.dialect.Dialect            : HHH000400: Using dialect: org.hibernate.dialect.H2Dialect
2022-10-23 20:59:43.735  INFO 4456 --- [restartedMain] o.h.e.t.j.p.i.JtaPlatformInitiator       : HHH000490: Using JtaPlatform implementation: [org.hibernate.engine.transaction.jta.platform.internal.NoJtaPlatform]
2022-10-23 20:59:43.850  INFO 4456 --- [restartedMain] j.LocalContainerEntityManagerFactoryBean : Initialized JPA EntityManagerFactory for persistence unit 'default'
2022-10-23 20:59:43.887  WARN 4456 --- [restartedMain] ConfigServletWebServerApplicationContext : Exception encountered during context initialization - cancelling refresh attempt: org.springframework.beans.factory.UnsatisfiedDependencyException: Error creating bean with name 'bookController' defined in file [D:\Velocity java\Spring\Spring Boot Project\BooksManagement\target\classes\com\justimagine\RestController\BookController.class]: Unsatisfied dependency expressed through constructor parameter 0; nested exception is org.springframework.beans.factory.NoUniqueBeanDefinitionException: No qualifying bean of type 'com.justimagine.Service.IBookService' available: expected single matching bean but found 2: bookServiceImpl,bookServiceImpl2
2022-10-23 20:59:43.888  INFO 4456 --- [restartedMain] j.LocalContainerEntityManagerFactoryBean : Closing JPA EntityManagerFactory for persistence unit 'default'
2022-10-23 20:59:44.099  WARN 4456 --- [restartedMain] o.s.b.f.support.DisposableBeanAdapter    : Invocation of destroy method failed on bean with name 'inMemoryDatabaseShutdownExecutor': org.h2.jdbc.JdbcSQLNonTransientConnectionException: Database is already closed (to disable automatic closing at VM shutdown, add ";DB_CLOSE_ON_EXIT=FALSE" to the db URL) [90121-200]
2022-10-23 20:59:44.100  INFO 4456 --- [restartedMain] com.zaxxer.hikari.HikariDataSource       : HikariPool-1 - Shutdown initiated...
2022-10-23 20:59:44.105  INFO 4456 --- [restartedMain] com.zaxxer.hikari.HikariDataSource       : HikariPool-1 - Shutdown completed.
2022-10-23 20:59:44.108  INFO 4456 --- [restartedMain] o.apache.catalina.core.StandardService   : Stopping service [Tomcat]
2022-10-23 20:59:44.182  INFO 4456 --- [restartedMain] ConditionEvaluationReportLoggingListener : 

Error starting ApplicationContext. To display the conditions report re-run your application with 'debug' enabled.
2022-10-23 20:59:44.274 ERROR 4456 --- [restartedMain] o.s.b.d.LoggingFailureAnalysisReporter   : 

***************************
APPLICATION FAILED TO START
***************************

Description:

Parameter 0 of constructor in com.justimagine.RestController.BookController required a single bean, but 2 were found:
	- bookServiceImpl: defined in file [D:\Velocity java\Spring\Spring Boot Project\BooksManagement\target\classes\com\justimagine\Service\BookServiceImpl.class]
	- bookServiceImpl2: defined in file [D:\Velocity java\Spring\Spring Boot Project\BooksManagement\target\classes\com\justimagine\Service\BookServiceImpl2.class]


Action:

Consider marking one of the beans as @Primary, updating the consumer to accept multiple beans, or using @Qualifier to identify the bean that should be consumed

2022-10-23 21:02:53.086  INFO 9468 --- [restartedMain] c.justimagine.SpringRestApiApplication   : Starting SpringRestApiApplication using Java 17 on DESKTOP-P659B96 with PID 9468 (D:\Velocity java\Spring\Spring Boot Project\BooksManagement\target\classes started by Rohit in D:\Velocity java\Spring\Spring Boot Project\BooksManagement)
2022-10-23 21:02:53.186  INFO 9468 --- [restartedMain] c.justimagine.SpringRestApiApplication   : No active profile set, falling back to 1 default profile: "default"
2022-10-23 21:02:53.457  INFO 9468 --- [restartedMain] .e.DevToolsPropertyDefaultsPostProcessor : Devtools property defaults active! Set 'spring.devtools.add-properties' to 'false' to disable
2022-10-23 21:02:53.458  INFO 9468 --- [restartedMain] .e.DevToolsPropertyDefaultsPostProcessor : For additional web related logging consider setting the 'logging.level.web' property to 'DEBUG'
2022-10-23 21:02:56.377  INFO 9468 --- [restartedMain] .s.d.r.c.RepositoryConfigurationDelegate : Bootstrapping Spring Data JPA repositories in DEFAULT mode.
2022-10-23 21:02:56.667  INFO 9468 --- [restartedMain] .s.d.r.c.RepositoryConfigurationDelegate : Finished Spring Data repository scanning in 262 ms. Found 1 JPA repository interfaces.
2022-10-23 21:02:59.826  INFO 9468 --- [restartedMain] o.s.b.w.embedded.tomcat.TomcatWebServer  : Tomcat initialized with port(s): 8080 (http)
2022-10-23 21:02:59.948  INFO 9468 --- [restartedMain] o.apache.catalina.core.StandardService   : Starting service [Tomcat]
2022-10-23 21:02:59.950  INFO 9468 --- [restartedMain] org.apache.catalina.core.StandardEngine  : Starting Servlet engine: [Apache Tomcat/9.0.65]
2022-10-23 21:03:00.394  INFO 9468 --- [restartedMain] o.a.c.c.C.[Tomcat].[localhost].[/]       : Initializing Spring embedded WebApplicationContext
2022-10-23 21:03:00.399  INFO 9468 --- [restartedMain] w.s.c.ServletWebServerApplicationContext : Root WebApplicationContext: initialization completed in 6938 ms
2022-10-23 21:03:00.860  INFO 9468 --- [restartedMain] com.zaxxer.hikari.HikariDataSource       : HikariPool-1 - Starting...
2022-10-23 21:03:01.804  INFO 9468 --- [restartedMain] com.zaxxer.hikari.HikariDataSource       : HikariPool-1 - Start completed.
2022-10-23 21:03:01.886  INFO 9468 --- [restartedMain] o.s.b.a.h2.H2ConsoleAutoConfiguration    : H2 console available at '/h2-console'. Database available at 'jdbc:h2:mem:Book_Management_DB'
2022-10-23 21:03:02.938  INFO 9468 --- [restartedMain] o.f.c.internal.license.VersionPrinter    : Flyway Community Edition 8.0.5 by Redgate
2022-10-23 21:03:02.940  INFO 9468 --- [restartedMain] o.f.c.i.database.base.BaseDatabaseType   : Database: jdbc:h2:mem:Book_Management_DB (H2 1.4)
2022-10-23 21:03:03.245  INFO 9468 --- [restartedMain] o.f.core.internal.command.DbValidate     : Successfully validated 2 migrations (execution time 00:00.098s)
2022-10-23 21:03:03.305  INFO 9468 --- [restartedMain] o.f.c.i.s.JdbcTableSchemaHistory         : Creating Schema History table "PUBLIC"."flyway_schema_history" ...
2022-10-23 21:03:03.679  INFO 9468 --- [restartedMain] o.f.core.internal.command.DbMigrate      : Current version of schema "PUBLIC": << Empty Schema >>
2022-10-23 21:03:03.706  INFO 9468 --- [restartedMain] o.f.core.internal.command.DbMigrate      : Migrating schema "PUBLIC" to version "1 - TABLE CREATION"
2022-10-23 21:03:03.877  INFO 9468 --- [restartedMain] o.f.core.internal.command.DbMigrate      : Migrating schema "PUBLIC" to version "2 - INSERT DATA"
2022-10-23 21:03:03.981  INFO 9468 --- [restartedMain] o.f.core.internal.command.DbMigrate      : Successfully applied 2 migrations to schema "PUBLIC", now at version v2 (execution time 00:00.351s)
2022-10-23 21:03:04.813  INFO 9468 --- [restartedMain] o.hibernate.jpa.internal.util.LogHelper  : HHH000204: Processing PersistenceUnitInfo [name: default]
2022-10-23 21:03:05.131  INFO 9468 --- [restartedMain] org.hibernate.Version                    : HHH000412: Hibernate ORM core version 5.6.11.Final
2022-10-23 21:03:06.362  INFO 9468 --- [restartedMain] o.hibernate.annotations.common.Version   : HCANN000001: Hibernate Commons Annotations {5.1.2.Final}
2022-10-23 21:03:08.700  INFO 9468 --- [restartedMain] org.hibernate.dialect.Dialect            : HHH000400: Using dialect: org.hibernate.dialect.H2Dialect
2022-10-23 21:03:10.551  INFO 9468 --- [restartedMain] o.h.e.t.j.p.i.JtaPlatformInitiator       : HHH000490: Using JtaPlatform implementation: [org.hibernate.engine.transaction.jta.platform.internal.NoJtaPlatform]
2022-10-23 21:03:10.594  INFO 9468 --- [restartedMain] j.LocalContainerEntityManagerFactoryBean : Initialized JPA EntityManagerFactory for persistence unit 'default'
2022-10-23 21:03:11.480  WARN 9468 --- [restartedMain] JpaBaseConfiguration$JpaWebConfiguration : spring.jpa.open-in-view is enabled by default. Therefore, database queries may be performed during view rendering. Explicitly configure spring.jpa.open-in-view to disable this warning
2022-10-23 21:03:12.205  WARN 9468 --- [restartedMain] ConfigServletWebServerApplicationContext : Exception encountered during context initialization - cancelling refresh attempt: org.springframework.beans.factory.BeanCreationException: Error creating bean with name 'requestMappingHandlerMapping' defined in class path resource [org/springframework/boot/autoconfigure/web/servlet/WebMvcAutoConfiguration$EnableWebMvcConfiguration.class]: Invocation of init method failed; nested exception is java.lang.IllegalStateException: Ambiguous mapping. Cannot map 'bookController2' method 
com.justimagine.RestController.BookController2#getAllBook()
to {GET [/book/getAll]}: There is already 'bookController' bean method
com.justimagine.RestController.BookController#getAllBook() mapped.
2022-10-23 21:03:12.207  INFO 9468 --- [restartedMain] j.LocalContainerEntityManagerFactoryBean : Closing JPA EntityManagerFactory for persistence unit 'default'
2022-10-23 21:03:12.418  WARN 9468 --- [restartedMain] o.s.b.f.support.DisposableBeanAdapter    : Invocation of destroy method failed on bean with name 'inMemoryDatabaseShutdownExecutor': org.h2.jdbc.JdbcSQLNonTransientConnectionException: Database is already closed (to disable automatic closing at VM shutdown, add ";DB_CLOSE_ON_EXIT=FALSE" to the db URL) [90121-200]
2022-10-23 21:03:12.419  INFO 9468 --- [restartedMain] com.zaxxer.hikari.HikariDataSource       : HikariPool-1 - Shutdown initiated...
2022-10-23 21:03:12.427  INFO 9468 --- [restartedMain] com.zaxxer.hikari.HikariDataSource       : HikariPool-1 - Shutdown completed.
2022-10-23 21:03:12.432  INFO 9468 --- [restartedMain] o.apache.catalina.core.StandardService   : Stopping service [Tomcat]
2022-10-23 21:03:12.490  INFO 9468 --- [restartedMain] ConditionEvaluationReportLoggingListener : 

Error starting ApplicationContext. To display the conditions report re-run your application with 'debug' enabled.
2022-10-23 21:03:12.621 ERROR 9468 --- [restartedMain] o.s.boot.SpringApplication               : Application run failed

org.springframework.beans.factory.BeanCreationException: Error creating bean with name 'requestMappingHandlerMapping' defined in class path resource [org/springframework/boot/autoconfigure/web/servlet/WebMvcAutoConfiguration$EnableWebMvcConfiguration.class]: Invocation of init method failed; nested exception is java.lang.IllegalStateException: Ambiguous mapping. Cannot map 'bookController2' method 
com.justimagine.RestController.BookController2#getAllBook()
to {GET [/book/getAll]}: There is already 'bookController' bean method
com.justimagine.RestController.BookController#getAllBook() mapped.
	at org.springframework.beans.factory.support.AbstractAutowireCapableBeanFactory.initializeBean(AbstractAutowireCapableBeanFactory.java:1804) ~[spring-beans-5.3.23.jar:5.3.23]
	at org.springframework.beans.factory.support.AbstractAutowireCapableBeanFactory.doCreateBean(AbstractAutowireCapableBeanFactory.java:620) ~[spring-beans-5.3.23.jar:5.3.23]
	at org.springframework.beans.factory.support.AbstractAutowireCapableBeanFactory.createBean(AbstractAutowireCapableBeanFactory.java:542) ~[spring-beans-5.3.23.jar:5.3.23]
	at org.springframework.beans.factory.support.AbstractBeanFactory.lambda$doGetBean$0(AbstractBeanFactory.java:335) ~[spring-beans-5.3.23.jar:5.3.23]
	at org.springframework.beans.factory.support.DefaultSingletonBeanRegistry.getSingleton(DefaultSingletonBeanRegistry.java:234) ~[spring-beans-5.3.23.jar:5.3.23]
	at org.springframework.beans.factory.support.AbstractBeanFactory.doGetBean(AbstractBeanFactory.java:333) ~[spring-beans-5.3.23.jar:5.3.23]
	at org.springframework.beans.factory.support.AbstractBeanFactory.getBean(AbstractBeanFactory.java:208) ~[spring-beans-5.3.23.jar:5.3.23]
	at org.springframework.beans.factory.support.DefaultListableBeanFactory.preInstantiateSingletons(DefaultListableBeanFactory.java:955) ~[spring-beans-5.3.23.jar:5.3.23]
	at org.springframework.context.support.AbstractApplicationContext.finishBeanFactoryInitialization(AbstractApplicationContext.java:918) ~[spring-context-5.3.23.jar:5.3.23]
	at org.springframework.context.support.AbstractApplicationContext.refresh(AbstractApplicationContext.java:583) ~[spring-context-5.3.23.jar:5.3.23]
	at org.springframework.boot.web.servlet.context.ServletWebServerApplicationContext.refresh(ServletWebServerApplicationContext.java:145) ~[spring-boot-2.6.12.jar:2.6.12]
	at org.springframework.boot.SpringApplication.refresh(SpringApplication.java:745) ~[spring-boot-2.6.12.jar:2.6.12]
	at org.springframework.boot.SpringApplication.refreshContext(SpringApplication.java:420) ~[spring-boot-2.6.12.jar:2.6.12]
	at org.springframework.boot.SpringApplication.run(SpringApplication.java:307) ~[spring-boot-2.6.12.jar:2.6.12]
	at org.springframework.boot.SpringApplication.run(SpringApplication.java:1317) ~[spring-boot-2.6.12.jar:2.6.12]
	at org.springframework.boot.SpringApplication.run(SpringApplication.java:1306) ~[spring-boot-2.6.12.jar:2.6.12]
	at com.justimagine.SpringRestApiApplication.main(SpringRestApiApplication.java:10) ~[classes/:na]
	at java.base/jdk.internal.reflect.NativeMethodAccessorImpl.invoke0(Native Method) ~[na:na]
	at java.base/jdk.internal.reflect.NativeMethodAccessorImpl.invoke(NativeMethodAccessorImpl.java:77) ~[na:na]
	at java.base/jdk.internal.reflect.DelegatingMethodAccessorImpl.invoke(DelegatingMethodAccessorImpl.java:43) ~[na:na]
	at java.base/java.lang.reflect.Method.invoke(Method.java:568) ~[na:na]
	at org.springframework.boot.devtools.restart.RestartLauncher.run(RestartLauncher.java:49) ~[spring-boot-devtools-2.6.12.jar:2.6.12]
Caused by: java.lang.IllegalStateException: Ambiguous mapping. Cannot map 'bookController2' method 
com.justimagine.RestController.BookController2#getAllBook()
to {GET [/book/getAll]}: There is already 'bookController' bean method
com.justimagine.RestController.BookController#getAllBook() mapped.
	at org.springframework.web.servlet.handler.AbstractHandlerMethodMapping$MappingRegistry.validateMethodMapping(AbstractHandlerMethodMapping.java:669) ~[spring-webmvc-5.3.23.jar:5.3.23]
	at org.springframework.web.servlet.handler.AbstractHandlerMethodMapping$MappingRegistry.register(AbstractHandlerMethodMapping.java:635) ~[spring-webmvc-5.3.23.jar:5.3.23]
	at org.springframework.web.servlet.handler.AbstractHandlerMethodMapping.registerHandlerMethod(AbstractHandlerMethodMapping.java:332) ~[spring-webmvc-5.3.23.jar:5.3.23]
	at org.springframework.web.servlet.mvc.method.annotation.RequestMappingHandlerMapping.registerHandlerMethod(RequestMappingHandlerMapping.java:420) ~[spring-webmvc-5.3.23.jar:5.3.23]
	at org.springframework.web.servlet.mvc.method.annotation.RequestMappingHandlerMapping.registerHandlerMethod(RequestMappingHandlerMapping.java:76) ~[spring-webmvc-5.3.23.jar:5.3.23]
	at org.springframework.web.servlet.handler.AbstractHandlerMethodMapping.lambda$detectHandlerMethods$2(AbstractHandlerMethodMapping.java:299) ~[spring-webmvc-5.3.23.jar:5.3.23]
	at java.base/java.util.LinkedHashMap.forEach(LinkedHashMap.java:721) ~[na:na]
	at org.springframework.web.servlet.handler.AbstractHandlerMethodMapping.detectHandlerMethods(AbstractHandlerMethodMapping.java:297) ~[spring-webmvc-5.3.23.jar:5.3.23]
	at org.springframework.web.servlet.handler.AbstractHandlerMethodMapping.processCandidateBean(AbstractHandlerMethodMapping.java:266) ~[spring-webmvc-5.3.23.jar:5.3.23]
	at org.springframework.web.servlet.handler.AbstractHandlerMethodMapping.initHandlerMethods(AbstractHandlerMethodMapping.java:225) ~[spring-webmvc-5.3.23.jar:5.3.23]
	at org.springframework.web.servlet.handler.AbstractHandlerMethodMapping.afterPropertiesSet(AbstractHandlerMethodMapping.java:213) ~[spring-webmvc-5.3.23.jar:5.3.23]
	at org.springframework.web.servlet.mvc.method.annotation.RequestMappingHandlerMapping.afterPropertiesSet(RequestMappingHandlerMapping.java:205) ~[spring-webmvc-5.3.23.jar:5.3.23]
	at org.springframework.beans.factory.support.AbstractAutowireCapableBeanFactory.invokeInitMethods(AbstractAutowireCapableBeanFactory.java:1863) ~[spring-beans-5.3.23.jar:5.3.23]
	at org.springframework.beans.factory.support.AbstractAutowireCapableBeanFactory.initializeBean(AbstractAutowireCapableBeanFactory.java:1800) ~[spring-beans-5.3.23.jar:5.3.23]
	... 21 common frames omitted

